#
# There is insufficient memory for the Java Runtime Environment to continue.
# Native memory allocation (malloc) failed to allocate 118489088 bytes for committing reserved memory.
# Possible reasons:
#   The system is out of physical RAM or swap space
#   In 32 bit mode, the process size limit was hit
# Possible solutions:
#   Reduce memory load on the system
#   Increase physical memory or swap space
#   Check if swap backing store is full
#   Use 64 bit Java on a 64 bit OS
#   Decrease Java heap size (-Xmx/-Xms)
#   Decrease number of Java threads
#   Decrease Java thread stack sizes (-Xss)
#   Set larger code cache with -XX:ReservedCodeCacheSize=
# This output file may be truncated or incomplete.
#
#  Out of Memory Error (os_linux.cpp:2809), pid=6125, tid=140124321289984
#
# JRE version: OpenJDK Runtime Environment (7.0_79-b14) (build 1.7.0_79-b14)
# Java VM: OpenJDK 64-Bit Server VM (24.79-b02 mixed mode linux-amd64 compressed oops)
# Derivative: IcedTea 2.5.5
# Distribution: Ubuntu 14.04 LTS, package 7u79-2.5.5-0ubuntu0.14.04.2
# Failed to write core dump. Core dumps have been disabled. To enable core dumping, try "ulimit -c unlimited" before starting Java again
#

---------------  T H R E A D  ---------------

Current thread (0x00007f7140077800):  VMThread [stack: 0x00007f713c551000,0x00007f713c652000] [id=6134]

Stack: [0x00007f713c551000,0x00007f713c652000],  sp=0x00007f713c650490,  free space=1021k
Native frames: (J=compiled Java code, j=interpreted, Vv=VM code, C=native code)
V  [libjvm.so+0x94aec5]  VMError::report_and_die()+0x175
V  [libjvm.so+0x48b9c4]  report_vm_out_of_memory(char const*, int, unsigned long, char const*)+0x74
V  [libjvm.so+0x7c806b]  os::pd_commit_memory(char*, unsigned long, unsigned long, bool)+0xeb
V  [libjvm.so+0x7c2b0f]  os::commit_memory(char*, unsigned long, unsigned long, bool)+0x1f
V  [libjvm.so+0x83500b]  PSVirtualSpace::expand_by(unsigned long)+0x5b
V  [libjvm.so+0x835e60]  PSYoungGen::resize_generation(unsigned long, unsigned long)+0xb0
V  [libjvm.so+0x83654b]  PSYoungGen::resize(unsigned long, unsigned long)+0x1b
V  [libjvm.so+0x832830]  PSScavenge::invoke_no_policy()+0xde0
V  [libjvm.so+0x833008]  PSScavenge::invoke()+0x38
V  [libjvm.so+0x7e96f3]  ParallelScavengeHeap::failed_mem_allocate(unsigned long)+0x63
V  [libjvm.so+0x94c8c4]  VM_ParallelGCFailedAllocation::doit()+0x84
V  [libjvm.so+0x950dc7]  VM_Operation::evaluate()+0x47
V  [libjvm.so+0x94f738]  VMThread::evaluate_operation(VM_Operation*)+0x318
V  [libjvm.so+0x94fb99]  VMThread::loop()+0x219
V  [libjvm.so+0x94ffe2]  VMThread::run()+0x72
V  [libjvm.so+0x7c4f32]  java_start(Thread*)+0xf2

VM_Operation (0x00007f7148827470): ParallelGCFailedAllocation, mode: safepoint, requested by thread 0x00007f714000c800


---------------  P R O C E S S  ---------------

Java Threads: ( => current thread )
  0x00007f71400b1800 JavaThread "Service Thread" daemon [_thread_blocked, id=6140, stack(0x00007f71351bc000,0x00007f71352bd000)]
  0x00007f71400af000 JavaThread "C2 CompilerThread1" daemon [_thread_blocked, id=6139, stack(0x00007f713c04c000,0x00007f713c14d000)]
  0x00007f71400ac000 JavaThread "C2 CompilerThread0" daemon [_thread_blocked, id=6138, stack(0x00007f713c14d000,0x00007f713c24e000)]
  0x00007f71400aa000 JavaThread "Signal Dispatcher" daemon [_thread_blocked, id=6137, stack(0x00007f713c24e000,0x00007f713c34f000)]
  0x00007f714007e000 JavaThread "Finalizer" daemon [_thread_blocked, id=6136, stack(0x00007f713c34f000,0x00007f713c450000)]
  0x00007f714007c000 JavaThread "Reference Handler" daemon [_thread_blocked, id=6135, stack(0x00007f713c450000,0x00007f713c551000)]
  0x00007f714000c800 JavaThread "main" [_thread_blocked, id=6129, stack(0x00007f7148728000,0x00007f7148829000)]

Other Threads:
=>0x00007f7140077800 VMThread [stack: 0x00007f713c551000,0x00007f713c652000] [id=6134]
  0x00007f71400bc000 WatcherThread [stack: 0x00007f71350bb000,0x00007f71351bc000] [id=6141]

VM state:at safepoint (normal execution)

VM Mutex/Monitor currently owned by a thread:  ([mutex/lock_event])
[0x00007f7140008960] Threads_lock - owner thread: 0x00007f7140077800
[0x00007f7140008e60] Heap_lock - owner thread: 0x00007f714000c800

Heap
 PSYoungGen      total 133120K, used 13384K [0x00000000eaa80000, 0x00000000f4180000, 0x0000000100000000)
  eden space 117248K, 0% used [0x00000000eaa80000,0x00000000eaa80000,0x00000000f1d00000)
  from space 15872K, 84% used [0x00000000f1d00000,0x00000000f2a12098,0x00000000f2c80000)
  to   space 10240K, 0% used [0x00000000f2c80000,0x00000000f2c80000,0x00000000f3680000)
 ParOldGen       total 40448K, used 30098K [0x00000000c0000000, 0x00000000c2780000, 0x00000000eaa80000)
  object space 40448K, 74% used [0x00000000c0000000,0x00000000c1d649a0,0x00000000c2780000)
 PSPermGen       total 21504K, used 5169K [0x00000000b5a00000, 0x00000000b6f00000, 0x00000000c0000000)
  object space 21504K, 24% used [0x00000000b5a00000,0x00000000b5f0c620,0x00000000b6f00000)

Card table byte_map: [0x00007f7145117000,0x00007f714536b000] byte_map_base: 0x00007f7144b6a000

Polling page: 0x00007f7148848000

Code Cache  [0x00007f713d000000, 0x00007f713d270000, 0x00007f7140000000)
 total_blobs=666 nmethods=432 adapters=187 free_code_cache=47723Kb largest_free_block=48834432

Compilation events (10 events):
Event: 3,337 Thread 0x00007f71400af000 nmethod 428 0x00007f713d122590 code [0x00007f713d122700, 0x00007f713d1228f8]
Event: 3,337 Thread 0x00007f71400ac000 nmethod 429 0x00007f713d13d350 code [0x00007f713d13d4a0, 0x00007f713d13d538]
Event: 3,358 Thread 0x00007f71400af000  430             com.android.dx.io.instructions.ZeroRegisterDecodedInstruction::withIndex (29 bytes)
Event: 3,358 Thread 0x00007f71400ac000  431             com.android.dx.io.instructions.ZeroRegisterDecodedInstruction::getRegisterCount (2 bytes)
Event: 3,358 Thread 0x00007f71400ac000 nmethod 431 0x00007f713d15f390 code [0x00007f713d15f4c0, 0x00007f713d15f518]
Event: 3,358 Thread 0x00007f71400ac000  432             com.android.dx.io.instructions.DecodedInstruction::getA (2 bytes)
Event: 3,359 Thread 0x00007f71400ac000 nmethod 432 0x00007f713d163410 code [0x00007f713d163540, 0x00007f713d163598]
Event: 3,361 Thread 0x00007f71400af000 nmethod 430 0x00007f713d160190 code [0x00007f713d1602e0, 0x00007f713d160458]
Event: 3,363 Thread 0x00007f71400ac000  433             com.android.dx.io.instructions.InstructionCodec$33::decode (99 bytes)
Event: 3,400 Thread 0x00007f71400ac000 nmethod 433 0x00007f713d16c4d0 code [0x00007f713d16c680, 0x00007f713d16d2a8]

GC Heap History (10 events):
Event: 0,580 GC heap after
Heap after GC invocations=2 (full 0):
 PSYoungGen      total 33280K, used 2554K [0x00000000eaa80000, 0x00000000ecd80000, 0x0000000100000000)
  eden space 30720K, 0% used [0x00000000eaa80000,0x00000000eaa80000,0x00000000ec880000)
  from space 2560K, 99% used [0x00000000ecb00000,0x00000000ecd7e828,0x00000000ecd80000)
  to   space 2560K, 0% used [0x00000000ec880000,0x00000000ec880000,0x00000000ecb00000)
 ParOldGen       total 40448K, used 5839K [0x00000000c0000000, 0x00000000c2780000, 0x00000000eaa80000)
  object space 40448K, 14% used [0x00000000c0000000,0x00000000c05b3c28,0x00000000c2780000)
 PSPermGen       total 21504K, used 4910K [0x00000000b5a00000, 0x00000000b6f00000, 0x00000000c0000000)
  object space 21504K, 22% used [0x00000000b5a00000,0x00000000b5ecb948,0x00000000b6f00000)
}
Event: 1,158 GC heap before
{Heap before GC invocations=3 (full 0):
 PSYoungGen      total 33280K, used 33274K [0x00000000eaa80000, 0x00000000ecd80000, 0x0000000100000000)
  eden space 30720K, 100% used [0x00000000eaa80000,0x00000000ec880000,0x00000000ec880000)
  from space 2560K, 99% used [0x00000000ecb00000,0x00000000ecd7e828,0x00000000ecd80000)
  to   space 2560K, 0% used [0x00000000ec880000,0x00000000ec880000,0x00000000ecb00000)
 ParOldGen       total 40448K, used 5839K [0x00000000c0000000, 0x00000000c2780000, 0x00000000eaa80000)
  object space 40448K, 14% used [0x00000000c0000000,0x00000000c05b3c28,0x00000000c2780000)
 PSPermGen       total 21504K, used 5017K [0x00000000b5a00000, 0x00000000b6f00000, 0x00000000c0000000)
  object space 21504K, 23% used [0x00000000b5a00000,0x00000000b5ee64d8,0x00000000b6f00000)
Event: 1,163 GC heap after
Heap after GC invocations=3 (full 0):
 PSYoungGen      total 33280K, used 2553K [0x00000000eaa80000, 0x00000000eeb80000, 0x0000000100000000)
  eden space 30720K, 0% used [0x00000000eaa80000,0x00000000eaa80000,0x00000000ec880000)
  from space 2560K, 99% used [0x00000000ec880000,0x00000000ecafe7f8,0x00000000ecb00000)
  to   space 2560K, 0% used [0x00000000ee900000,0x00000000ee900000,0x00000000eeb80000)
 ParOldGen       total 40448K, used 7245K [0x00000000c0000000, 0x00000000c2780000, 0x00000000eaa80000)
  object space 40448K, 17% used [0x00000000c0000000,0x00000000c07136f0,0x00000000c2780000)
 PSPermGen       total 21504K, used 5017K [0x00000000b5a00000, 0x00000000b6f00000, 0x00000000c0000000)
  object space 21504K, 23% used [0x00000000b5a00000,0x00000000b5ee64d8,0x00000000b6f00000)
}
Event: 1,486 GC heap before
{Heap before GC invocations=4 (full 0):
 PSYoungGen      total 33280K, used 33273K [0x00000000eaa80000, 0x00000000eeb80000, 0x0000000100000000)
  eden space 30720K, 100% used [0x00000000eaa80000,0x00000000ec880000,0x00000000ec880000)
  from space 2560K, 99% used [0x00000000ec880000,0x00000000ecafe7f8,0x00000000ecb00000)
  to   space 2560K, 0% used [0x00000000ee900000,0x00000000ee900000,0x00000000eeb80000)
 ParOldGen       total 40448K, used 7245K [0x00000000c0000000, 0x00000000c2780000, 0x00000000eaa80000)
  object space 40448K, 17% used [0x00000000c0000000,0x00000000c07136f0,0x00000000c2780000)
 PSPermGen       total 21504K, used 5045K [0x00000000b5a00000, 0x00000000b6f00000, 0x00000000c0000000)
  object space 21504K, 23% used [0x00000000b5a00000,0x00000000b5eed6c8,0x00000000b6f00000)
Event: 1,494 GC heap after
Heap after GC invocations=4 (full 0):
 PSYoungGen      total 64000K, used 2553K [0x00000000eaa80000, 0x00000000eeb80000, 0x0000000100000000)
  eden space 61440K, 0% used [0x00000000eaa80000,0x00000000eaa80000,0x00000000ee680000)
  from space 2560K, 99% used [0x00000000ee900000,0x00000000eeb7e7f8,0x00000000eeb80000)
  to   space 2560K, 0% used [0x00000000ee680000,0x00000000ee680000,0x00000000ee900000)
 ParOldGen       total 40448K, used 13695K [0x00000000c0000000, 0x00000000c2780000, 0x00000000eaa80000)
  object space 40448K, 33% used [0x00000000c0000000,0x00000000c0d5fd50,0x00000000c2780000)
 PSPermGen       total 21504K, used 5045K [0x00000000b5a00000, 0x00000000b6f00000, 0x00000000c0000000)
  object space 21504K, 23% used [0x00000000b5a00000,0x00000000b5eed6c8,0x00000000b6f00000)
}
Event: 2,401 GC heap before
{Heap before GC invocations=5 (full 0):
 PSYoungGen      total 64000K, used 63610K [0x00000000eaa80000, 0x00000000eeb80000, 0x0000000100000000)
  eden space 61440K, 99% used [0x00000000eaa80000,0x00000000ee6200f0,0x00000000ee680000)
  from space 2560K, 99% used [0x00000000ee900000,0x00000000eeb7e7f8,0x00000000eeb80000)
  to   space 2560K, 0% used [0x00000000ee680000,0x00000000ee680000,0x00000000ee900000)
 ParOldGen       total 40448K, used 13695K [0x00000000c0000000, 0x00000000c2780000, 0x00000000eaa80000)
  object space 40448K, 33% used [0x00000000c0000000,0x00000000c0d5fd50,0x00000000c2780000)
 PSPermGen       total 21504K, used 5155K [0x00000000b5a00000, 0x00000000b6f00000, 0x00000000c0000000)
  object space 21504K, 23% used [0x00000000b5a00000,0x00000000b5f08e28,0x00000000b6f00000)
Event: 2,766 GC heap after
Heap after GC invocations=5 (full 0):
 PSYoungGen      total 64000K, used 2521K [0x00000000eaa80000, 0x00000000f3680000, 0x0000000100000000)
  eden space 61440K, 0% used [0x00000000eaa80000,0x00000000eaa80000,0x00000000ee680000)
  from space 2560K, 98% used [0x00000000ee680000,0x00000000ee8f67d8,0x00000000ee900000)
  to   space 10240K, 0% used [0x00000000f2c80000,0x00000000f2c80000,0x00000000f3680000)
 ParOldGen       total 40448K, used 17959K [0x00000000c0000000, 0x00000000c2780000, 0x00000000eaa80000)
  object space 40448K, 44% used [0x00000000c0000000,0x00000000c1189c40,0x00000000c2780000)
 PSPermGen       total 21504K, used 5155K [0x00000000b5a00000, 0x00000000b6f00000, 0x00000000c0000000)
  object space 21504K, 23% used [0x00000000b5a00000,0x00000000b5f08e28,0x00000000b6f00000)
}
Event: 2,990 GC heap before
{Heap before GC invocations=6 (full 0):
 PSYoungGen      total 64000K, used 63961K [0x00000000eaa80000, 0x00000000f3680000, 0x0000000100000000)
  eden space 61440K, 100% used [0x00000000eaa80000,0x00000000ee680000,0x00000000ee680000)
  from space 2560K, 98% used [0x00000000ee680000,0x00000000ee8f67d8,0x00000000ee900000)
  to   space 10240K, 0% used [0x00000000f2c80000,0x00000000f2c80000,0x00000000f3680000)
 ParOldGen       total 40448K, used 17959K [0x00000000c0000000, 0x00000000c2780000, 0x00000000eaa80000)
  object space 40448K, 44% used [0x00000000c0000000,0x00000000c1189c40,0x00000000c2780000)
 PSPermGen       total 21504K, used 5157K [0x00000000b5a00000, 0x00000000b6f00000, 0x00000000c0000000)
  object space 21504K, 23% used [0x00000000b5a00000,0x00000000b5f09670,0x00000000b6f00000)
Event: 3,006 GC heap after
Heap after GC invocations=6 (full 0):
 PSYoungGen      total 127488K, used 10233K [0x00000000eaa80000, 0x00000000f4180000, 0x0000000100000000)
  eden space 117248K, 0% used [0x00000000eaa80000,0x00000000eaa80000,0x00000000f1d00000)
  from space 10240K, 99% used [0x00000000f2c80000,0x00000000f367e4e0,0x00000000f3680000)
  to   space 15872K, 0% used [0x00000000f1d00000,0x00000000f1d00000,0x00000000f2c80000)
 ParOldGen       total 40448K, used 25078K [0x00000000c0000000, 0x00000000c2780000, 0x00000000eaa80000)
  object space 40448K, 62% used [0x00000000c0000000,0x00000000c187d9b8,0x00000000c2780000)
 PSPermGen       total 21504K, used 5157K [0x00000000b5a00000, 0x00000000b6f00000, 0x00000000c0000000)
  object space 21504K, 23% used [0x00000000b5a00000,0x00000000b5f09670,0x00000000b6f00000)
}
Event: 3,427 GC heap before
{Heap before GC invocations=7 (full 0):
 PSYoungGen      total 127488K, used 127481K [0x00000000eaa80000, 0x00000000f4180000, 0x0000000100000000)
  eden space 117248K, 100% used [0x00000000eaa80000,0x00000000f1d00000,0x00000000f1d00000)
  from space 10240K, 99% used [0x00000000f2c80000,0x00000000f367e4e0,0x00000000f3680000)
  to   space 15872K, 0% used [0x00000000f1d00000,0x00000000f1d00000,0x00000000f2c80000)
 ParOldGen       total 40448K, used 25078K [0x00000000c0000000, 0x00000000c2780000, 0x00000000eaa80000)
  object space 40448K, 62% used [0x00000000c0000000,0x00000000c187d9b8,0x00000000c2780000)
 PSPermGen       total 21504K, used 5169K [0x00000000b5a00000, 0x00000000b6f00000, 0x00000000c0000000)
  object space 21504K, 24% used [0x00000000b5a00000,0x00000000b5f0c620,0x00000000b6f00000)

Deoptimization events (10 events):
Event: 2,082 Thread 0x00007f714000c800 Uncommon trap: reason=array_check action=maybe_recompile pc=0x00007f713d109fcc method=java.util.TimSort.binarySort([Ljava/lang/Object;IIILjava/util/Comparator;)V @ 183
Event: 2,082 Thread 0x00007f714000c800 Uncommon trap: reason=array_check action=maybe_recompile pc=0x00007f713d109e0c method=java.util.TimSort.binarySort([Ljava/lang/Object;IIILjava/util/Comparator;)V @ 215
Event: 2,082 Thread 0x00007f714000c800 Uncommon trap: reason=array_check action=maybe_recompile pc=0x00007f713d109fcc method=java.util.TimSort.binarySort([Ljava/lang/Object;IIILjava/util/Comparator;)V @ 183
Event: 2,156 Thread 0x00007f714000c800 Uncommon trap: reason=array_check action=maybe_recompile pc=0x00007f713d0f6510 method=java.util.ComparableTimSort.binarySort([Ljava/lang/Object;III)V @ 193
Event: 2,197 Thread 0x00007f714000c800 Uncommon trap: reason=array_check action=maybe_recompile pc=0x00007f713d1158f0 method=java.util.TimSort.binarySort([Ljava/lang/Object;IIILjava/util/Comparator;)V @ 193
Event: 2,197 Thread 0x00007f714000c800 Uncommon trap: reason=array_check action=maybe_recompile pc=0x00007f713d1158f0 method=java.util.TimSort.binarySort([Ljava/lang/Object;IIILjava/util/Comparator;)V @ 193
Event: 2,767 Thread 0x00007f714000c800 Uncommon trap: reason=array_check action=maybe_recompile pc=0x00007f713d0f6510 method=java.util.ComparableTimSort.binarySort([Ljava/lang/Object;III)V @ 193
Event: 2,871 Thread 0x00007f714000c800 Uncommon trap: reason=array_check action=maybe_recompile pc=0x00007f713d0f6510 method=java.util.ComparableTimSort.binarySort([Ljava/lang/Object;III)V @ 193
Event: 3,134 Thread 0x00007f714000c800 Uncommon trap: reason=null_check action=make_not_entrant pc=0x00007f713d141378 method=com.android.dx.io.instructions.AddressMap.get(I)I @ 11
Event: 3,408 Thread 0x00007f714000c800 Uncommon trap: reason=array_check action=maybe_recompile pc=0x00007f713d162420 method=java.util.ComparableTimSort.binarySort([Ljava/lang/Object;III)V @ 215

Internal exceptions (10 events):
Event: 0,453 Thread 0x00007f714000c800 Threw 0x00000000eb8540a0 at /build/buildd/openjdk-7-7u79-2.5.5/build/openjdk/hotspot/src/share/vm/prims/jvm.cpp:1284
Event: 0,454 Thread 0x00007f714000c800 Threw 0x00000000eb857e50 at /build/buildd/openjdk-7-7u79-2.5.5/build/openjdk/hotspot/src/share/vm/prims/jvm.cpp:1284
Event: 0,455 Thread 0x00007f714000c800 Threw 0x00000000eb85de50 at /build/buildd/openjdk-7-7u79-2.5.5/build/openjdk/hotspot/src/share/vm/prims/jvm.cpp:1284
Event: 0,455 Thread 0x00007f714000c800 Threw 0x00000000eb861950 at /build/buildd/openjdk-7-7u79-2.5.5/build/openjdk/hotspot/src/share/vm/prims/jvm.cpp:1284
Event: 0,456 Thread 0x00007f714000c800 Threw 0x00000000eb865648 at /build/buildd/openjdk-7-7u79-2.5.5/build/openjdk/hotspot/src/share/vm/prims/jvm.cpp:1284
Event: 0,456 Thread 0x00007f714000c800 Threw 0x00000000eb869090 at /build/buildd/openjdk-7-7u79-2.5.5/build/openjdk/hotspot/src/share/vm/prims/jvm.cpp:1284
Event: 0,458 Thread 0x00007f714000c800 Threw 0x00000000eb873048 at /build/buildd/openjdk-7-7u79-2.5.5/build/openjdk/hotspot/src/share/vm/prims/jvm.cpp:1284
Event: 0,459 Thread 0x00007f714000c800 Threw 0x00000000eb876498 at /build/buildd/openjdk-7-7u79-2.5.5/build/openjdk/hotspot/src/share/vm/prims/jvm.cpp:1284
Event: 0,921 Thread 0x00007f714000c800 Threw 0x00000000eb6c8058 at /build/buildd/openjdk-7-7u79-2.5.5/build/openjdk/hotspot/src/share/vm/prims/jvm.cpp:1284
Event: 3,134 Thread 0x00007f714000c800 Implicit null exception at 0x00007f713d14086c to 0x00007f713d141369

Events (10 events):
Event: 2,990 Executing VM operation: ParallelGCFailedAllocation
Event: 3,006 Executing VM operation: ParallelGCFailedAllocation done
Event: 3,080 Thread 0x00007f71400af000 flushing nmethod 0x00007f713d077210
Event: 3,134 Thread 0x00007f714000c800 Uncommon trap: trap_request=0xfffffff4 fr.pc=0x00007f713d141378
Event: 3,134 Thread 0x00007f714000c800 DEOPT PACKING pc=0x00007f713d141378 sp=0x00007f7148827470
Event: 3,134 Thread 0x00007f714000c800 DEOPT UNPACKING pc=0x00007f713d039445 sp=0x00007f7148827380 mode 2
Event: 3,408 Thread 0x00007f714000c800 Uncommon trap: trap_request=0xffffffd6 fr.pc=0x00007f713d162420
Event: 3,408 Thread 0x00007f714000c800 DEOPT PACKING pc=0x00007f713d162420 sp=0x00007f7148827440
Event: 3,408 Thread 0x00007f714000c800 DEOPT UNPACKING pc=0x00007f713d039445 sp=0x00007f7148827418 mode 2
Event: 3,427 Executing VM operation: ParallelGCFailedAllocation


Dynamic libraries:
00400000-00401000 r-xp 00000000 08:05 6166437                            /usr/lib/jvm/java-7-openjdk-amd64/jre/bin/java
00600000-00601000 r--p 00000000 08:05 6166437                            /usr/lib/jvm/java-7-openjdk-amd64/jre/bin/java
00601000-00602000 rw-p 00001000 08:05 6166437                            /usr/lib/jvm/java-7-openjdk-amd64/jre/bin/java
0126d000-0128e000 rw-p 00000000 00:00 0                                  [heap]
b5a00000-b6f00000 rw-p 00000000 00:00 0 
b6f00000-c0000000 rw-p 00000000 00:00 0 
c0000000-c2780000 rw-p 00000000 00:00 0 
c2780000-eaa80000 rw-p 00000000 00:00 0 
eaa80000-f4180000 rw-p 00000000 00:00 0 
fb280000-100000000 rw-p 00000000 00:00 0 
7f710777c000-7f71077b9000 r-xp 00000000 08:05 4198473                    /lib/x86_64-linux-gnu/libpcre.so.3.13.1
7f71077b9000-7f71079b8000 ---p 0003d000 08:05 4198473                    /lib/x86_64-linux-gnu/libpcre.so.3.13.1
7f71079b8000-7f71079b9000 r--p 0003c000 08:05 4198473                    /lib/x86_64-linux-gnu/libpcre.so.3.13.1
7f71079b9000-7f71079ba000 rw-p 0003d000 08:05 4198473                    /lib/x86_64-linux-gnu/libpcre.so.3.13.1
7f71079ba000-7f71079c1000 r-xp 00000000 08:05 6168791                    /usr/lib/x86_64-linux-gnu/libffi.so.6.0.1
7f71079c1000-7f7107bc0000 ---p 00007000 08:05 6168791                    /usr/lib/x86_64-linux-gnu/libffi.so.6.0.1
7f7107bc0000-7f7107bc1000 r--p 00006000 08:05 6168791                    /usr/lib/x86_64-linux-gnu/libffi.so.6.0.1
7f7107bc1000-7f7107bc2000 rw-p 00007000 08:05 6168791                    /usr/lib/x86_64-linux-gnu/libffi.so.6.0.1
7f7107bc2000-7f7107bd9000 r-xp 00000000 08:05 4194309                    /lib/x86_64-linux-gnu/libresolv-2.19.so
7f7107bd9000-7f7107dd9000 ---p 00017000 08:05 4194309                    /lib/x86_64-linux-gnu/libresolv-2.19.so
7f7107dd9000-7f7107dda000 r--p 00017000 08:05 4194309                    /lib/x86_64-linux-gnu/libresolv-2.19.so
7f7107dda000-7f7107ddb000 rw-p 00018000 08:05 4194309                    /lib/x86_64-linux-gnu/libresolv-2.19.so
7f7107ddb000-7f7107ddd000 rw-p 00000000 00:00 0 
7f7107ddd000-7f7107dfd000 r-xp 00000000 08:05 4198500                    /lib/x86_64-linux-gnu/libselinux.so.1
7f7107dfd000-7f7107ffc000 ---p 00020000 08:05 4198500                    /lib/x86_64-linux-gnu/libselinux.so.1
7f7107ffc000-7f7107ffd000 r--p 0001f000 08:05 4198500                    /lib/x86_64-linux-gnu/libselinux.so.1
7f7107ffd000-7f7107ffe000 rw-p 00020000 08:05 4198500                    /lib/x86_64-linux-gnu/libselinux.so.1
7f7107ffe000-7f7108000000 rw-p 00000000 00:00 0 
7f7108000000-7f7108021000 rw-p 00000000 00:00 0 
7f7108021000-7f710c000000 ---p 00000000 00:00 0 
7f710c000000-7f710c021000 rw-p 00000000 00:00 0 
7f710c021000-7f7110000000 ---p 00000000 00:00 0 
7f7110000000-7f7110819000 rw-p 00000000 00:00 0 
7f7110819000-7f7114000000 ---p 00000000 00:00 0 
7f7114000000-7f7114a0c000 rw-p 00000000 00:00 0 
7f7114a0c000-7f7118000000 ---p 00000000 00:00 0 
7f7118000000-7f7118021000 rw-p 00000000 00:00 0 
7f7118021000-7f711c000000 ---p 00000000 00:00 0 
7f711c000000-7f711c021000 rw-p 00000000 00:00 0 
7f711c021000-7f7120000000 ---p 00000000 00:00 0 
7f7120000000-7f71200e8000 rw-p 00000000 00:00 0 
7f71200e8000-7f7124000000 ---p 00000000 00:00 0 
7f7124000000-7f7124021000 rw-p 00000000 00:00 0 
7f7124021000-7f7128000000 ---p 00000000 00:00 0 
7f7128000000-7f7128021000 rw-p 00000000 00:00 0 
7f7128021000-7f712c000000 ---p 00000000 00:00 0 
7f712c000000-7f712c021000 rw-p 00000000 00:00 0 
7f712c021000-7f7130000000 ---p 00000000 00:00 0 
7f7130000000-7f7130021000 rw-p 00000000 00:00 0 
7f7130021000-7f7134000000 ---p 00000000 00:00 0 
7f7134060000-7f71341c1000 rw-p 00000000 00:00 0 
7f71341c1000-7f71341c4000 r-xp 00000000 08:05 6168904                    /usr/lib/x86_64-linux-gnu/libgmodule-2.0.so.0.4002.0
7f71341c4000-7f71343c3000 ---p 00003000 08:05 6168904                    /usr/lib/x86_64-linux-gnu/libgmodule-2.0.so.0.4002.0
7f71343c3000-7f71343c4000 r--p 00002000 08:05 6168904                    /usr/lib/x86_64-linux-gnu/libgmodule-2.0.so.0.4002.0
7f71343c4000-7f71343c5000 rw-p 00003000 08:05 6168904                    /usr/lib/x86_64-linux-gnu/libgmodule-2.0.so.0.4002.0
7f71343c5000-7f71344cb000 r-xp 00000000 08:05 4198401                    /lib/x86_64-linux-gnu/libglib-2.0.so.0.4002.0
7f71344cb000-7f71346ca000 ---p 00106000 08:05 4198401                    /lib/x86_64-linux-gnu/libglib-2.0.so.0.4002.0
7f71346ca000-7f71346cb000 r--p 00105000 08:05 4198401                    /lib/x86_64-linux-gnu/libglib-2.0.so.0.4002.0
7f71346cb000-7f71346cc000 rw-p 00106000 08:05 4198401                    /lib/x86_64-linux-gnu/libglib-2.0.so.0.4002.0
7f71346cc000-7f71346cd000 rw-p 00000000 00:00 0 
7f71346cd000-7f713471c000 r-xp 00000000 08:05 6168920                    /usr/lib/x86_64-linux-gnu/libgobject-2.0.so.0.4002.0
7f713471c000-7f713491c000 ---p 0004f000 08:05 6168920                    /usr/lib/x86_64-linux-gnu/libgobject-2.0.so.0.4002.0
7f713491c000-7f713491d000 r--p 0004f000 08:05 6168920                    /usr/lib/x86_64-linux-gnu/libgobject-2.0.so.0.4002.0
7f713491d000-7f713491e000 rw-p 00050000 08:05 6168920                    /usr/lib/x86_64-linux-gnu/libgobject-2.0.so.0.4002.0
7f713491e000-7f7134a8a000 r-xp 00000000 08:05 6168892                    /usr/lib/x86_64-linux-gnu/libgio-2.0.so.0.4002.0
7f7134a8a000-7f7134c89000 ---p 0016c000 08:05 6168892                    /usr/lib/x86_64-linux-gnu/libgio-2.0.so.0.4002.0
7f7134c89000-7f7134c8d000 r--p 0016b000 08:05 6168892                    /usr/lib/x86_64-linux-gnu/libgio-2.0.so.0.4002.0
7f7134c8d000-7f7134c8f000 rw-p 0016f000 08:05 6168892                    /usr/lib/x86_64-linux-gnu/libgio-2.0.so.0.4002.0
7f7134c8f000-7f7134c91000 rw-p 00000000 00:00 0 
7f7134c91000-7f7134ca8000 r-xp 00000000 08:05 6166546                    /usr/lib/jvm/java-7-openjdk-amd64/jre/lib/amd64/libnet.so
7f7134ca8000-7f7134ea7000 ---p 00017000 08:05 6166546                    /usr/lib/jvm/java-7-openjdk-amd64/jre/lib/amd64/libnet.so
7f7134ea7000-7f7134ea8000 r--p 00016000 08:05 6166546                    /usr/lib/jvm/java-7-openjdk-amd64/jre/lib/amd64/libnet.so
7f7134ea8000-7f7134ea9000 rw-p 00017000 08:05 6166546                    /usr/lib/jvm/java-7-openjdk-amd64/jre/lib/amd64/libnet.so
7f7134ea9000-7f7134eb9000 r-xp 00000000 08:05 6166523                    /usr/lib/jvm/java-7-openjdk-amd64/jre/lib/amd64/libnio.so
7f7134eb9000-7f71350b9000 ---p 00010000 08:05 6166523                    /usr/lib/jvm/java-7-openjdk-amd64/jre/lib/amd64/libnio.so
7f71350b9000-7f71350ba000 r--p 00010000 08:05 6166523                    /usr/lib/jvm/java-7-openjdk-amd64/jre/lib/amd64/libnio.so
7f71350ba000-7f71350bb000 rw-p 00011000 08:05 6166523                    /usr/lib/jvm/java-7-openjdk-amd64/jre/lib/amd64/libnio.so
7f71350bb000-7f71350bc000 ---p 00000000 00:00 0 
7f71350bc000-7f71351bc000 rw-p 00000000 00:00 0                          [stack:6141]
7f71351bc000-7f71351bf000 ---p 00000000 00:00 0 
7f71351bf000-7f71352bd000 rw-p 00000000 00:00 0                          [stack:6140]
7f71352bd000-7f7135ad0000 r--p 00000000 08:05 6167484                    /usr/lib/locale/locale-archive
7f7135ad0000-7f7138000000 rw-p 00000000 00:00 0 
7f7138000000-7f7138021000 rw-p 00000000 00:00 0 
7f7138021000-7f713c000000 ---p 00000000 00:00 0 
7f713c000000-7f713c031000 rw-p 00000000 00:00 0 
7f713c04c000-7f713c04f000 ---p 00000000 00:00 0 
7f713c04f000-7f713c14d000 rw-p 00000000 00:00 0                          [stack:6139]
7f713c14d000-7f713c150000 ---p 00000000 00:00 0 
7f713c150000-7f713c24e000 rw-p 00000000 00:00 0                          [stack:6138]
7f713c24e000-7f713c251000 ---p 00000000 00:00 0 
7f713c251000-7f713c34f000 rw-p 00000000 00:00 0                          [stack:6137]
7f713c34f000-7f713c352000 ---p 00000000 00:00 0 
7f713c352000-7f713c450000 rw-p 00000000 00:00 0                          [stack:6136]
7f713c450000-7f713c453000 ---p 00000000 00:00 0 
7f713c453000-7f713c551000 rw-p 00000000 00:00 0                          [stack:6135]
7f713c551000-7f713c552000 ---p 00000000 00:00 0 
7f713c552000-7f713d000000 rw-p 00000000 00:00 0                          [stack:6134]
7f713d000000-7f713d270000 rwxp 00000000 00:00 0 
7f713d270000-7f71401ed000 rw-p 00000000 00:00 0 
7f71401ed000-7f7144000000 ---p 00000000 00:00 0 
7f714400a000-7f714400f000 r--s 0004d000 08:05 6166577                    /usr/lib/jvm/java-7-openjdk-amd64/jre/lib/jsse.jar
7f714400f000-7f714401e000 r--s 000df000 08:05 8004691                    /home/agita/Android/Sdk/build-tools/23.0.0/lib/dx.jar
7f714401e000-7f714466d000 rw-p 00000000 00:00 0 
7f714466d000-7f714481e000 r--s 01d27000 08:05 6166552                    /usr/lib/jvm/java-7-openjdk-amd64/jre/lib/rt.jar
7f714481e000-7f7144b6a000 rw-p 00000000 00:00 0 
7f7144b6a000-7f7144b6b000 ---p 00000000 00:00 0 
7f7144b6b000-7f7144c6b000 rw-p 00000000 00:00 0                          [stack:6133]
7f7144c6b000-7f7144c6c000 ---p 00000000 00:00 0 
7f7144c6c000-7f7144d6c000 rw-p 00000000 00:00 0                          [stack:6132]
7f7144d6c000-7f7144d6d000 ---p 00000000 00:00 0 
7f7144d6d000-7f7144e6d000 rw-p 00000000 00:00 0                          [stack:6131]
7f7144e6d000-7f7144e6e000 ---p 00000000 00:00 0 
7f7144e6e000-7f7144f79000 rw-p 00000000 00:00 0                          [stack:6130]
7f7144f79000-7f7144fc1000 rw-p 00000000 00:00 0 
7f7144fc1000-7f7144fd5000 rw-p 00000000 00:00 0 
7f7144fd5000-7f7145117000 rw-p 00000000 00:00 0 
7f7145117000-7f7145122000 rw-p 00000000 00:00 0 
7f7145122000-7f714516a000 rw-p 00000000 00:00 0 
7f714516a000-7f714517e000 rw-p 00000000 00:00 0 
7f714517e000-7f71452bf000 rw-p 00000000 00:00 0 
7f71452bf000-7f714530b000 rw-p 00000000 00:00 0 
7f714530b000-7f714536a000 rw-p 00000000 00:00 0 
7f714536a000-7f714536b000 rw-p 00000000 00:00 0 
7f714536b000-7f7145373000 r-xp 00000000 08:05 6166519                    /usr/lib/jvm/java-7-openjdk-amd64/jre/lib/amd64/libzip.so
7f7145373000-7f7145572000 ---p 00008000 08:05 6166519                    /usr/lib/jvm/java-7-openjdk-amd64/jre/lib/amd64/libzip.so
7f7145572000-7f7145573000 r--p 00007000 08:05 6166519                    /usr/lib/jvm/java-7-openjdk-amd64/jre/lib/amd64/libzip.so
7f7145573000-7f7145574000 rw-p 00008000 08:05 6166519                    /usr/lib/jvm/java-7-openjdk-amd64/jre/lib/amd64/libzip.so
7f7145574000-7f714557f000 r-xp 00000000 08:05 4194323                    /lib/x86_64-linux-gnu/libnss_files-2.19.so
7f714557f000-7f714577e000 ---p 0000b000 08:05 4194323                    /lib/x86_64-linux-gnu/libnss_files-2.19.so
7f714577e000-7f714577f000 r--p 0000a000 08:05 4194323                    /lib/x86_64-linux-gnu/libnss_files-2.19.so
7f714577f000-7f7145780000 rw-p 0000b000 08:05 4194323                    /lib/x86_64-linux-gnu/libnss_files-2.19.so
7f7145780000-7f714578b000 r-xp 00000000 08:05 4198289                    /lib/x86_64-linux-gnu/libnss_nis-2.19.so
7f714578b000-7f714598a000 ---p 0000b000 08:05 4198289                    /lib/x86_64-linux-gnu/libnss_nis-2.19.so
7f714598a000-7f714598b000 r--p 0000a000 08:05 4198289                    /lib/x86_64-linux-gnu/libnss_nis-2.19.so
7f714598b000-7f714598c000 rw-p 0000b000 08:05 4198289                    /lib/x86_64-linux-gnu/libnss_nis-2.19.so
7f714598c000-7f71459a3000 r-xp 00000000 08:05 4194398                    /lib/x86_64-linux-gnu/libnsl-2.19.so
7f71459a3000-7f7145ba2000 ---p 00017000 08:05 4194398                    /lib/x86_64-linux-gnu/libnsl-2.19.so
7f7145ba2000-7f7145ba3000 r--p 00016000 08:05 4194398                    /lib/x86_64-linux-gnu/libnsl-2.19.so
7f7145ba3000-7f7145ba4000 rw-p 00017000 08:05 4194398                    /lib/x86_64-linux-gnu/libnsl-2.19.so
7f7145ba4000-7f7145ba6000 rw-p 00000000 00:00 0 
7f7145ba6000-7f7145baf000 r-xp 00000000 08:05 4194397                    /lib/x86_64-linux-gnu/libnss_compat-2.19.so
7f7145baf000-7f7145dae000 ---p 00009000 08:05 4194397                    /lib/x86_64-linux-gnu/libnss_compat-2.19.so
7f7145dae000-7f7145daf000 r--p 00008000 08:05 4194397                    /lib/x86_64-linux-gnu/libnss_compat-2.19.so
7f7145daf000-7f7145db0000 rw-p 00009000 08:05 4194397                    /lib/x86_64-linux-gnu/libnss_compat-2.19.so
7f7145db0000-7f7145ddb000 r-xp 00000000 08:05 6166545                    /usr/lib/jvm/java-7-openjdk-amd64/jre/lib/amd64/libjava.so
7f7145ddb000-7f7145fdb000 ---p 0002b000 08:05 6166545                    /usr/lib/jvm/java-7-openjdk-amd64/jre/lib/amd64/libjava.so
7f7145fdb000-7f7145fdc000 r--p 0002b000 08:05 6166545                    /usr/lib/jvm/java-7-openjdk-amd64/jre/lib/amd64/libjava.so
7f7145fdc000-7f7145fde000 rw-p 0002c000 08:05 6166545                    /usr/lib/jvm/java-7-openjdk-amd64/jre/lib/amd64/libjava.so
7f7145fde000-7f7145fee000 r-xp 00000000 08:05 6166542                    /usr/lib/jvm/java-7-openjdk-amd64/jre/lib/amd64/libverify.so
7f7145fee000-7f71461ed000 ---p 00010000 08:05 6166542                    /usr/lib/jvm/java-7-openjdk-amd64/jre/lib/amd64/libverify.so
7f71461ed000-7f71461ef000 r--p 0000f000 08:05 6166542                    /usr/lib/jvm/java-7-openjdk-amd64/jre/lib/amd64/libverify.so
7f71461ef000-7f71461f0000 rw-p 00011000 08:05 6166542                    /usr/lib/jvm/java-7-openjdk-amd64/jre/lib/amd64/libverify.so
7f71461f0000-7f71461f7000 r-xp 00000000 08:05 4194406                    /lib/x86_64-linux-gnu/librt-2.19.so
7f71461f7000-7f71463f6000 ---p 00007000 08:05 4194406                    /lib/x86_64-linux-gnu/librt-2.19.so
7f71463f6000-7f71463f7000 r--p 00006000 08:05 4194406                    /lib/x86_64-linux-gnu/librt-2.19.so
7f71463f7000-7f71463f8000 rw-p 00007000 08:05 4194406                    /lib/x86_64-linux-gnu/librt-2.19.so
7f71463f8000-7f714640e000 r-xp 00000000 08:05 4198397                    /lib/x86_64-linux-gnu/libgcc_s.so.1
7f714640e000-7f714660d000 ---p 00016000 08:05 4198397                    /lib/x86_64-linux-gnu/libgcc_s.so.1
7f714660d000-7f714660e000 rw-p 00015000 08:05 4198397                    /lib/x86_64-linux-gnu/libgcc_s.so.1
7f714660e000-7f7146713000 r-xp 00000000 08:05 4194319                    /lib/x86_64-linux-gnu/libm-2.19.so
7f7146713000-7f7146912000 ---p 00105000 08:05 4194319                    /lib/x86_64-linux-gnu/libm-2.19.so
7f7146912000-7f7146913000 r--p 00104000 08:05 4194319                    /lib/x86_64-linux-gnu/libm-2.19.so
7f7146913000-7f7146914000 rw-p 00105000 08:05 4194319                    /lib/x86_64-linux-gnu/libm-2.19.so
7f7146914000-7f71469fa000 r-xp 00000000 08:05 6164646                    /usr/lib/x86_64-linux-gnu/libstdc++.so.6.0.19
7f71469fa000-7f7146bf9000 ---p 000e6000 08:05 6164646                    /usr/lib/x86_64-linux-gnu/libstdc++.so.6.0.19
7f7146bf9000-7f7146c01000 r--p 000e5000 08:05 6164646                    /usr/lib/x86_64-linux-gnu/libstdc++.so.6.0.19
7f7146c01000-7f7146c03000 rw-p 000ed000 08:05 6164646                    /usr/lib/x86_64-linux-gnu/libstdc++.so.6.0.19
7f7146c03000-7f7146c18000 rw-p 00000000 00:00 0 
7f7146c18000-7f7147730000 r-xp 00000000 08:05 6166550                    /usr/lib/jvm/java-7-openjdk-amd64/jre/lib/amd64/server/libjvm.so
7f7147730000-7f7147930000 ---p 00b18000 08:05 6166550                    /usr/lib/jvm/java-7-openjdk-amd64/jre/lib/amd64/server/libjvm.so
7f7147930000-7f71479ca000 r--p 00b18000 08:05 6166550                    /usr/lib/jvm/java-7-openjdk-amd64/jre/lib/amd64/server/libjvm.so
7f71479ca000-7f71479ed000 rw-p 00bb2000 08:05 6166550                    /usr/lib/jvm/java-7-openjdk-amd64/jre/lib/amd64/server/libjvm.so
7f71479ed000-7f7147a1b000 rw-p 00000000 00:00 0 
7f7147a1b000-7f7147a33000 r-xp 00000000 08:05 4198533                    /lib/x86_64-linux-gnu/libz.so.1.2.8
7f7147a33000-7f7147c32000 ---p 00018000 08:05 4198533                    /lib/x86_64-linux-gnu/libz.so.1.2.8
7f7147c32000-7f7147c33000 r--p 00017000 08:05 4198533                    /lib/x86_64-linux-gnu/libz.so.1.2.8
7f7147c33000-7f7147c34000 rw-p 00018000 08:05 4198533                    /lib/x86_64-linux-gnu/libz.so.1.2.8
7f7147c34000-7f7147c4d000 r-xp 00000000 08:05 4194404                    /lib/x86_64-linux-gnu/libpthread-2.19.so
7f7147c4d000-7f7147e4c000 ---p 00019000 08:05 4194404                    /lib/x86_64-linux-gnu/libpthread-2.19.so
7f7147e4c000-7f7147e4d000 r--p 00018000 08:05 4194404                    /lib/x86_64-linux-gnu/libpthread-2.19.so
7f7147e4d000-7f7147e4e000 rw-p 00019000 08:05 4194404                    /lib/x86_64-linux-gnu/libpthread-2.19.so
7f7147e4e000-7f7147e52000 rw-p 00000000 00:00 0 
7f7147e52000-7f7147e55000 r-xp 00000000 08:05 4194334                    /lib/x86_64-linux-gnu/libdl-2.19.so
7f7147e55000-7f7148054000 ---p 00003000 08:05 4194334                    /lib/x86_64-linux-gnu/libdl-2.19.so
7f7148054000-7f7148055000 r--p 00002000 08:05 4194334                    /lib/x86_64-linux-gnu/libdl-2.19.so
7f7148055000-7f7148056000 rw-p 00003000 08:05 4194334                    /lib/x86_64-linux-gnu/libdl-2.19.so
7f7148056000-7f7148211000 r-xp 00000000 08:05 4194403                    /lib/x86_64-linux-gnu/libc-2.19.so
7f7148211000-7f7148410000 ---p 001bb000 08:05 4194403                    /lib/x86_64-linux-gnu/libc-2.19.so
7f7148410000-7f7148414000 r--p 001ba000 08:05 4194403                    /lib/x86_64-linux-gnu/libc-2.19.so
7f7148414000-7f7148416000 rw-p 001be000 08:05 4194403                    /lib/x86_64-linux-gnu/libc-2.19.so
7f7148416000-7f714841b000 rw-p 00000000 00:00 0 
7f714841b000-7f7148428000 r-xp 00000000 08:05 6166505                    /usr/lib/jvm/java-7-openjdk-amd64/jre/lib/amd64/jli/libjli.so
7f7148428000-7f7148627000 ---p 0000d000 08:05 6166505                    /usr/lib/jvm/java-7-openjdk-amd64/jre/lib/amd64/jli/libjli.so
7f7148627000-7f7148628000 r--p 0000c000 08:05 6166505                    /usr/lib/jvm/java-7-openjdk-amd64/jre/lib/amd64/jli/libjli.so
7f7148628000-7f7148629000 rw-p 0000d000 08:05 6166505                    /usr/lib/jvm/java-7-openjdk-amd64/jre/lib/amd64/jli/libjli.so
7f7148629000-7f714864c000 r-xp 00000000 08:05 4194400                    /lib/x86_64-linux-gnu/ld-2.19.so
7f714864d000-7f714864e000 rw-p 00000000 00:00 0 
7f714864e000-7f7148650000 r--s 00006000 08:05 6554849                    /usr/share/java/java-atk-wrapper.jar
7f7148650000-7f7148672000 rw-p 00000000 00:00 0 
7f7148672000-7f7148728000 rw-p 00000000 00:00 0 
7f7148728000-7f714872b000 ---p 00000000 00:00 0 
7f714872b000-7f714882e000 rw-p 00000000 00:00 0                          [stack:6129]
7f714882e000-7f714882f000 r--s 00002000 08:05 6166556                    /usr/lib/jvm/java-7-openjdk-amd64/jre/lib/ext/dnsns.jar
7f714882f000-7f7148833000 r--s 00034000 08:05 6166559                    /usr/lib/jvm/java-7-openjdk-amd64/jre/lib/ext/sunjce_provider.jar
7f7148833000-7f7148837000 r--s 0003c000 08:05 6166557                    /usr/lib/jvm/java-7-openjdk-amd64/jre/lib/ext/sunpkcs11.jar
7f7148837000-7f7148839000 r--s 00012000 08:05 6166562                    /usr/lib/jvm/java-7-openjdk-amd64/jre/lib/ext/zipfs.jar
7f7148839000-7f714883c000 r--s 00086000 08:05 6166558                    /usr/lib/jvm/java-7-openjdk-amd64/jre/lib/ext/localedata.jar
7f714883c000-7f714883f000 r--s 0000f000 08:05 6166555                    /usr/lib/jvm/java-7-openjdk-amd64/jre/lib/ext/icedtea-sound.jar
7f714883f000-7f7148847000 rw-s 00000000 08:05 4981071                    /tmp/hsperfdata_agita/6125
7f7148847000-7f7148848000 rw-p 00000000 00:00 0 
7f7148848000-7f7148849000 ---p 00000000 00:00 0 
7f7148849000-7f714884b000 rw-p 00000000 00:00 0 
7f714884b000-7f714884c000 r--p 00022000 08:05 4194400                    /lib/x86_64-linux-gnu/ld-2.19.so
7f714884c000-7f714884d000 rw-p 00023000 08:05 4194400                    /lib/x86_64-linux-gnu/ld-2.19.so
7f714884d000-7f714884e000 rw-p 00000000 00:00 0 
7ffcc3368000-7ffcc338a000 rw-p 00000000 00:00 0                          [stack]
7ffcc3399000-7ffcc339b000 r-xp 00000000 00:00 0                          [vdso]
7ffcc339b000-7ffcc339d000 r--p 00000000 00:00 0                          [vvar]
ffffffffff600000-ffffffffff601000 r-xp 00000000 00:00 0                  [vsyscall]

VM Arguments:
jvm_args: -Djava.awt.headless=true -Xmx1024M -Dfile.encoding=UTF-8 -Duser.country=US -Duser.language=en -Duser.variant 
java_command: com.android.dx.command.Main --dex --num-threads=4 --output /home/agita/_PROJECT/GIT/Langeo/android/app/build/intermediates/transforms/dex/debug/folders/1000/1f/main /home/agita/_PROJECT/GIT/Langeo/android/app/build/intermediates/pre-dexed/debug/support-annotations-23.1.1_a05ea2021c9f574a0844715a36082756bc20e93b.jar /home/agita/_PROJECT/GIT/Langeo/android/app/build/intermediates/pre-dexed/debug/google-http-client-jackson2-1.19.0_3c5c2d7c528e81ff9e7546900e49be32a61f61c3.jar /home/agita/_PROJECT/GIT/Langeo/android/app/build/intermediates/pre-dexed/debug/google-api-client-android-1.19.0_034c7341dc4528c5545b3ae2a6354e063be96000.jar /home/agita/_PROJECT/GIT/Langeo/android/app/build/intermediates/pre-dexed/debug/google-http-client-android-1.19.0_8430c4b4865b80a629376913d4625ae4fdfcb136.jar /home/agita/_PROJECT/GIT/Langeo/android/app/build/intermediates/pre-dexed/debug/com.bignerdranch.android-expandablerecyclerview-2.0.4_fcd39e1a85b4542dd7b00f331cafdebc5483031b.jar /home/agita/_PROJECT/GIT/Langeo/android/app/build/intermediates/pre-dexed/debug/com.android.support-cardview-v7-23.1.1_245b638583de69aa3539982d4d51c76405c14dff.jar /home/agita/_PROJECT/GIT/Langeo/android/app/build/intermediates/pre-dexed/debug/backend-android-endpoints_cf6c3d6095410d93c0182d03d560997915a6cf89.jar /home/agita/_PROJECT/GIT/Langeo/android/app/build/intermediates/pre-dexed/debug/jsr305-1.3.9_a1edd4a085093064ad809ff773b4123871f8904a.jar /home/agita/_PROJECT/GIT/Langeo/android/app/build/intermediates/pre-dexed/debug/google-oauth-client-1.19.0_fe754580793c87fd3ca592336bf251d920d1729c.jar /home/agita/_PROJECT/GIT/Langeo/android/app/build/intermediates/pre-dexed/debug/com.google.android.gms-play-services-base-8.3.0_b28b22afacac647d0179f8579d783844eb11dc43.jar /home/agita/_PROJECT/GIT/Langeo/android/app/build/intermediates/pre-dexed/debug/com.androidmapsextensions-android-maps-extensions-2.2.0_a136f16a2d9526f27d1bb7e4e672016ca4796114.jar /home/agita/_PROJECT/GIT/Langeo/android/app/build/in
Launcher Type: SUN_STANDARD

Environment Variables:
JAVA_HOME=/usr/lib/jvm/java-7-openjdk-amd64/
PATH=/usr/local/sbin:/usr/local/bin:/usr/sbin:/usr/bin:/sbin:/bin:/usr/games:/usr/local/games
LD_LIBRARY_PATH=.:
SHELL=/bin/bash
DISPLAY=:0

Signal Handlers:
SIGSEGV: [libjvm.so+0x94b9a0], sa_mask[0]=0x7ffbfeff, sa_flags=0x10000004
SIGBUS: [libjvm.so+0x94b9a0], sa_mask[0]=0x7ffbfeff, sa_flags=0x10000004
SIGFPE: [libjvm.so+0x7c3880], sa_mask[0]=0x7ffbfeff, sa_flags=0x10000004
SIGPIPE: [libjvm.so+0x7c3880], sa_mask[0]=0x7ffbfeff, sa_flags=0x10000004
SIGXFSZ: [libjvm.so+0x7c3880], sa_mask[0]=0x7ffbfeff, sa_flags=0x10000004
SIGILL: [libjvm.so+0x7c3880], sa_mask[0]=0x7ffbfeff, sa_flags=0x10000004
SIGUSR1: SIG_DFL, sa_mask[0]=0x00000000, sa_flags=0x00000000
SIGUSR2: [libjvm.so+0x7c3720], sa_mask[0]=0x00000004, sa_flags=0x10000004
SIGHUP: [libjvm.so+0x7c3900], sa_mask[0]=0x7ffbfeff, sa_flags=0x10000004
SIGINT: [libjvm.so+0x7c3900], sa_mask[0]=0x7ffbfeff, sa_flags=0x10000004
SIGTERM: [libjvm.so+0x7c3900], sa_mask[0]=0x7ffbfeff, sa_flags=0x10000004
SIGQUIT: [libjvm.so+0x7c3900], sa_mask[0]=0x7ffbfeff, sa_flags=0x10000004
SIGTRAP: SIG_DFL, sa_mask[0]=0x00000000, sa_flags=0x00000000


---------------  S Y S T E M  ---------------

OS:Ubuntu 14.04 (trusty)
uname:Linux 3.16.0-41-generic #57~14.04.1-Ubuntu SMP Thu Jun 18 18:01:13 UTC 2015 x86_64
libc:glibc 2.19 NPTL 2.19 
rlimit: STACK 8192k, CORE 0k, NPROC 14283, NOFILE 4096, AS infinity
load average:2,80 1,49 0,74

/proc/meminfo:
MemTotal:        3882092 kB
MemFree:          102244 kB
MemAvailable:      54008 kB
Buffers:            2640 kB
Cached:           284088 kB
SwapCached:            0 kB
Active:          3351956 kB
Inactive:         254144 kB
Active(anon):    3348940 kB
Inactive(anon):   218304 kB
Active(file):       3016 kB
Inactive(file):    35840 kB
Unevictable:           0 kB
Mlocked:               0 kB
SwapTotal:             0 kB
SwapFree:              0 kB
Dirty:                60 kB
Writeback:             0 kB
AnonPages:       3319884 kB
Mapped:           119396 kB
Shmem:            247380 kB
Slab:              65172 kB
SReclaimable:      33612 kB
SUnreclaim:        31560 kB
KernelStack:        9872 kB
PageTables:        35584 kB
NFS_Unstable:          0 kB
Bounce:                0 kB
WritebackTmp:          0 kB
CommitLimit:     1941044 kB
Committed_AS:    7287296 kB
VmallocTotal:   34359738367 kB
VmallocUsed:      403520 kB
VmallocChunk:   34359323940 kB
HardwareCorrupted:     0 kB
AnonHugePages:   1347584 kB
HugePages_Total:       0
HugePages_Free:        0
HugePages_Rsvd:        0
HugePages_Surp:        0
Hugepagesize:       2048 kB
DirectMap4k:       70260 kB
DirectMap2M:     3958784 kB


CPU:total 4 (2 cores per cpu, 2 threads per core) family 6 model 58 stepping 9, cmov, cx8, fxsr, mmx, sse, sse2, sse3, ssse3, sse4.1, sse4.2, popcnt, avx, erms, ht, tsc, tscinvbit, tscinv

/proc/cpuinfo:
processor	: 0
vendor_id	: GenuineIntel
cpu family	: 6
model		: 58
model name	: Intel(R) Core(TM) i5-3210M CPU @ 2.50GHz
stepping	: 9
microcode	: 0x12
cpu MHz		: 1208.984
cache size	: 3072 KB
physical id	: 0
siblings	: 4
core id		: 0
cpu cores	: 2
apicid		: 0
initial apicid	: 0
fpu		: yes
fpu_exception	: yes
cpuid level	: 13
wp		: yes
flags		: fpu vme de pse tsc msr pae mce cx8 apic sep mtrr pge mca cmov pat pse36 clflush dts acpi mmx fxsr sse sse2 ss ht tm pbe syscall nx rdtscp lm constant_tsc arch_perfmon pebs bts rep_good nopl xtopology nonstop_tsc aperfmperf eagerfpu pni pclmulqdq dtes64 monitor ds_cpl vmx est tm2 ssse3 cx16 xtpr pdcm pcid sse4_1 sse4_2 x2apic popcnt tsc_deadline_timer xsave avx f16c rdrand lahf_lm ida arat epb xsaveopt pln pts dtherm tpr_shadow vnmi flexpriority ept vpid fsgsbase smep erms
bogomips	: 4988.75
clflush size	: 64
cache_alignment	: 64
address sizes	: 36 bits physical, 48 bits virtual
power management:

processor	: 1
vendor_id	: GenuineIntel
cpu family	: 6
model		: 58
model name	: Intel(R) Core(TM) i5-3210M CPU @ 2.50GHz
stepping	: 9
microcode	: 0x12
cpu MHz		: 1296.484
cache size	: 3072 KB
physical id	: 0
siblings	: 4
core id		: 0
cpu cores	: 2
apicid		: 1
initial apicid	: 1
fpu		: yes
fpu_exception	: yes
cpuid level	: 13
wp		: yes
flags		: fpu vme de pse tsc msr pae mce cx8 apic sep mtrr pge mca cmov pat pse36 clflush dts acpi mmx fxsr sse sse2 ss ht tm pbe syscall nx rdtscp lm constant_tsc arch_perfmon pebs bts rep_good nopl xtopology nonstop_tsc aperfmperf eagerfpu pni pclmulqdq dtes64 monitor ds_cpl vmx est tm2 ssse3 cx16 xtpr pdcm pcid sse4_1 sse4_2 x2apic popcnt tsc_deadline_timer xsave avx f16c rdrand lahf_lm ida arat epb xsaveopt pln pts dtherm tpr_shadow vnmi flexpriority ept vpid fsgsbase smep erms
bogomips	: 4988.75
clflush size	: 64
cache_alignment	: 64
address sizes	: 36 bits physical, 48 bits virtual
power management:

processor	: 2
vendor_id	: GenuineIntel
cpu family	: 6
model		: 58
model name	: Intel(R) Core(TM) i5-3210M CPU @ 2.50GHz
stepping	: 9
microcode	: 0x12
cpu MHz		: 1226.855
cache size	: 3072 KB
physical id	: 0
siblings	: 4
core id		: 1
cpu cores	: 2
apicid		: 2
initial apicid	: 2
fpu		: yes
fpu_exception	: yes
cpuid level	: 13
wp		: yes
flags		: fpu vme de pse tsc msr pae mce cx8 apic sep mtrr pge mca cmov pat pse36 clflush dts acpi mmx fxsr sse sse2 ss ht tm pbe syscall nx rdtscp lm constant_tsc arch_perfmon pebs bts rep_good nopl xtopology nonstop_tsc aperfmperf eagerfpu pni pclmulqdq dtes64 monitor ds_cpl vmx est tm2 ssse3 cx16 xtpr pdcm pcid sse4_1 sse4_2 x2apic popcnt tsc_deadline_timer xsave avx f16c rdrand lahf_lm ida arat epb xsaveopt pln pts dtherm tpr_shadow vnmi flexpriority ept vpid fsgsbase smep erms
bogomips	: 4988.75
clflush size	: 64
cache_alignment	: 64
address sizes	: 36 bits physical, 48 bits virtual
power management:

processor	: 3
vendor_id	: GenuineIntel
cpu family	: 6
model		: 58
model name	: Intel(R) Core(TM) i5-3210M CPU @ 2.50GHz
stepping	: 9
microcode	: 0x12
cpu MHz		: 1216.992
cache size	: 3072 KB
physical id	: 0
siblings	: 4
core id		: 1
cpu cores	: 2
apicid		: 3
initial apicid	: 3
fpu		: yes
fpu_exception	: yes
cpuid level	: 13
wp		: yes
flags		: fpu vme de pse tsc msr pae mce cx8 apic sep mtrr pge mca cmov pat pse36 clflush dts acpi mmx fxsr sse sse2 ss ht tm pbe syscall nx rdtscp lm constant_tsc arch_perfmon pebs bts rep_good nopl xtopology nonstop_tsc aperfmperf eagerfpu pni pclmulqdq dtes64 monitor ds_cpl vmx est tm2 ssse3 cx16 xtpr pdcm pcid sse4_1 sse4_2 x2apic popcnt tsc_deadline_timer xsave avx f16c rdrand lahf_lm ida arat epb xsaveopt pln pts dtherm tpr_shadow vnmi flexpriority ept vpid fsgsbase smep erms
bogomips	: 4988.75
clflush size	: 64
cache_alignment	: 64
address sizes	: 36 bits physical, 48 bits virtual
power management:



Memory: 4k page, physical 3882092k(102244k free), swap 0k(0k free)

vm_info: OpenJDK 64-Bit Server VM (24.79-b02) for linux-amd64 JRE (1.7.0_79-b14), built on Apr 16 2015 08:21:58 by "buildd" with gcc 4.8.2

time: Sat Jan 30 22:37:21 2016
elapsed time: 6 seconds

